Exporter version: 2.80.1, Blender version: 2.92.0
========= Conversion from Blender to Babylon.js =========
	Scene settings used :
		Inline textures     :  false
		Material Type       :  PBR
		Positions Precision :  4
		Normals Precision   :  3
		UVs Precision       :  3
		Vert Color Precision:  3
		Mat Weight Precision:  2
		Keep Z-up r-handed  :  no
		Texture directory   :  /Users/alifr/Development/dice-project/DiceBox/assets/models/
	Python World class constructor completed
	WARNING: No active camera has been assigned, or is not in a currently selected Blender layer
	processing begun of mesh:  c20
		WARNING: No materials have been assigned: 
		Custom split normals with tangents being used
		num positions      :  60
		num normals        :  60
		num tangents       :  240
		num uvs            :  120
		num uvs2           :  0
		num colors         :  0
		num triangles      :  20
	processing begun of mesh:  c12
		WARNING: No materials have been assigned: 
		Custom split normals with tangents being used
		num positions      :  84
		num normals        :  84
		num tangents       :  336
		num uvs            :  168
		num uvs2           :  0
		num colors         :  0
		num triangles      :  36
	processing begun of mesh:  c10
		WARNING: No materials have been assigned: 
		Custom split normals with tangents being used
		num positions      :  40
		num normals        :  40
		num tangents       :  160
		num uvs            :  80
		num uvs2           :  0
		num colors         :  0
		num triangles      :  20
	processing begun of mesh:  c8
		WARNING: No materials have been assigned: 
		Custom split normals with tangents being used
		num positions      :  24
		num normals        :  24
		num tangents       :  96
		num uvs            :  48
		num uvs2           :  0
		num colors         :  0
		num triangles      :  8
	processing begun of mesh:  c6
		WARNING: No materials have been assigned: 
		Custom split normals with tangents being used
		num positions      :  24
		num normals        :  24
		num tangents       :  96
		num uvs            :  48
		num uvs2           :  0
		num colors         :  0
		num triangles      :  12
	processing begun of mesh:  c4
		WARNING: No materials have been assigned: 
		Custom split normals with tangents being used
		num positions      :  12
		num normals        :  12
		num tangents       :  48
		num uvs            :  24
		num uvs2           :  0
		num colors         :  0
		num triangles      :  4
========= Writing of JSON file started =========
	writing mesh:  c20
	writing mesh:  c12
	writing mesh:  c10
	writing mesh:  c8
	writing mesh:  c6
	writing mesh:  c4
========= Writing of JSON file completed =========
========= end of processing =========
elapsed time:  0 min, 0.0167 secs
